<?xml version="1.0" encoding="UTF-8"?>
<!-- Generated by org.testng.reporters.JUnitXMLReporter -->
<testsuite hostname="SG-L-7301093" ignored="0" name="Test" tests="29" failures="1" timestamp="2022-06-21T18:23:19 SGT" time="126.553" errors="0">
  <testcase name="invocationCount" time="0.013" classname="com.TestNG_Basics.TestNGKeyword_InvocationCount"/>
  <testcase name="invocationCount" time="0.003" classname="com.TestNG_Basics.TestNGKeyword_InvocationCount"/>
  <testcase name="invocationCount" time="0.002" classname="com.TestNG_Basics.TestNGKeyword_InvocationCount"/>
  <testcase name="invocationCount" time="0.003" classname="com.TestNG_Basics.TestNGKeyword_InvocationCount"/>
  <testcase name="invocationCount" time="0.003" classname="com.TestNG_Basics.TestNGKeyword_InvocationCount"/>
  <testcase name="faceBookAccount" time="6.086" classname="com.Data_Driven.Parameterized_From_Excel"/>
  <testcase name="faceBookAccount" time="5.949" classname="com.Data_Driven.Parameterized_From_Excel"/>
  <testcase name="faceBookAccount" time="6.147" classname="com.Data_Driven.Parameterized_From_Excel"/>
  <testcase name="faceBookAccount" time="5.951" classname="com.Data_Driven.Parameterized_From_Excel"/>
  <testcase name="faceBookAccount" time="6.471" classname="com.Data_Driven.Parameterized_From_Excel"/>
  <testcase name="faceBookAccount" time="6.304" classname="com.Data_Driven.Parameterized_From_Excel"/>
  <testcase name="faceBookAccount" time="6.08" classname="com.Data_Driven.Parameterized_From_Excel"/>
  <testcase name="faceBookAccount" time="6.345" classname="com.Data_Driven.Parameterized_From_Excel"/>
  <testcase name="faceBookAccount" time="6.271" classname="com.Data_Driven.Parameterized_From_Excel"/>
  <testcase name="faceBookAccount" time="6.053" classname="com.Data_Driven.Parameterized_From_Excel"/>
  <testcase name="googleSearchTest_TestCase" time="0.024" classname="com.TestNG_Basics.PairOf_BeforeMethod_TestCases_AfterMethod"/>
  <testcase name="googleTitleTest_TestCase" time="0.043" classname="com.TestNG_Basics.PairOf_BeforeMethod_TestCases_AfterMethod"/>
  <testcase name="isGmailAvailable_TestCase" time="0.049" classname="com.TestNG_Basics.PairOf_BeforeMethod_TestCases_AfterMethod"/>
  <testcase name="googleLogoTest" time="0.719" classname="com.TestNG_Basics.AssertClass_For_Validation"/>
  <testcase name="googleTitleTest" time="0.689" classname="com.TestNG_Basics.AssertClass_For_Validation"/>
  <testcase name="googleTitleTest_TestCase" time="0.052" classname="com.TestNG_Basics.BasicAnnotations_And_ExecutionSequence"/>
  <testcase name="googleTitleTest_TestCase" time="0.06" classname="com.TestNG_Basics.TestNGKeyword_Priority_And_Group"/>
  <testcase name="googleSearchTest_TestCase" time="0.029" classname="com.TestNG_Basics.TestNGKeyword_Priority_And_Group"/>
  <testcase name="isGmailAvailable_TestCase" time="0.055" classname="com.TestNG_Basics.TestNGKeyword_Priority_And_Group"/>
  <testcase name="googleTitleTest_TestCase" time="0.038" classname="com.TestNG_Basics.TestNGKeyword_dependsOnMethods"/>
  <testcase name="googleSearchTest_TestCase" time="0.027" classname="com.TestNG_Basics.TestNGKeyword_dependsOnMethods"/>
  <testcase name="isGmailAvailable_TestCase" time="0.054" classname="com.TestNG_Basics.TestNGKeyword_dependsOnMethods"/>
  <testcase name="arithmetic" time="0.0" classname="com.TestNG_Basics.TestNGKeyword_expectedExceptions">
    <failure type="java.lang.ArithmeticException" message="/ by zero">
      <![CDATA[java.lang.ArithmeticException: / by zero
at com.TestNG_Basics.TestNGKeyword_expectedExceptions.arithmetic(TestNGKeyword_expectedExceptions.java:28)
at java.util.ArrayList.forEach(Unknown Source)
... Removed 27 stack frames]]>
    </failure>
  </testcase> <!-- arithmetic -->
  <testcase name="convert" time="0.001" classname="com.TestNG_Basics.TestNGKeyword_expectedExceptions"/>
</testsuite> <!-- Test -->
