<?xml version="1.0" encoding="UTF-8"?>
<!-- Generated by org.testng.reporters.JUnitXMLReporter -->
<testsuite hostname="SG-L-7301093" ignored="0" name="Default test" tests="29" failures="0" timestamp="2022-06-21T18:17:43 SGT" time="0.593" errors="0">
  <testcase name="@BeforeSuite setUp" time="1.725" classname="com.Data_Driven.Parameterized_From_Excel">
    <failure type="org.openqa.selenium.SessionNotCreatedException" message="session not created: This version of ChromeDriver only supports Chrome version 100
Current browser version is 102.0.5005.115 with binary path C:\Program Files\Google\Chrome\Application\chrome.exe
Build info: version: &amp;apos;3.141.59&amp;apos;, revision: &amp;apos;e82be7d358&amp;apos;, time: &amp;apos;2018-11-14T08:25:53&amp;apos;
System info: host: &amp;apos;SG-L-7301093&amp;apos;, ip: &amp;apos;10.174.44.34&amp;apos;, os.name: &amp;apos;Windows 10&amp;apos;, os.arch: &amp;apos;amd64&amp;apos;, os.version: &amp;apos;10.0&amp;apos;, java.version: &amp;apos;1.8.0_321&amp;apos;
Driver info: driver.version: ChromeDriver
remote stacktrace: Backtrace:
	Ordinal0 [0x002F7413+2389011]
	Ordinal0 [0x00289F61+1941345]
	Ordinal0 [0x0017C658+837208]
	Ordinal0 [0x0019C773+968563]
	Ordinal0 [0x0019837A+951162]
	Ordinal0 [0x00195C51+941137]
	Ordinal0 [0x001C8C80+1150080]
	Ordinal0 [0x001C88DA+1149146]
	Ordinal0 [0x001C3F66+1130342]
	Ordinal0 [0x0019E546+976198]
	Ordinal0 [0x0019F456+980054]
	GetHandleVerifier [0x004A9632+1727522]
	GetHandleVerifier [0x0055BA4D+2457661]
	GetHandleVerifier [0x0038EB81+569713]
	GetHandleVerifier [0x0038DD76+566118]
	Ordinal0 [0x00290B2B+1968939]
	Ordinal0 [0x00295988+1989000]
	Ordinal0 [0x00295A75+1989237]
	Ordinal0 [0x0029ECB1+2026673]
	BaseThreadInitThunk [0x7636FA29+25]
	RtlGetAppContainerNamedObjectPath [0x77447A7E+286]
	RtlGetAppContainerNamedObjectPath [0x77447A4E+238]
	(No symbol) [0x00000000]
">
      <![CDATA[org.openqa.selenium.SessionNotCreatedException: session not created: This version of ChromeDriver only supports Chrome version 100
Current browser version is 102.0.5005.115 with binary path C:\Program Files\Google\Chrome\Application\chrome.exe
Build info: version: '3.141.59', revision: 'e82be7d358', time: '2018-11-14T08:25:53'
System info: host: 'SG-L-7301093', ip: '10.174.44.34', os.name: 'Windows 10', os.arch: 'amd64', os.version: '10.0', java.version: '1.8.0_321'
Driver info: driver.version: ChromeDriver
remote stacktrace: Backtrace:
Ordinal0 [0x002F7413+2389011]
Ordinal0 [0x00289F61+1941345]
Ordinal0 [0x0017C658+837208]
Ordinal0 [0x0019C773+968563]
Ordinal0 [0x0019837A+951162]
Ordinal0 [0x00195C51+941137]
Ordinal0 [0x001C8C80+1150080]
Ordinal0 [0x001C88DA+1149146]
Ordinal0 [0x001C3F66+1130342]
Ordinal0 [0x0019E546+976198]
Ordinal0 [0x0019F456+980054]
GetHandleVerifier [0x004A9632+1727522]
GetHandleVerifier [0x0055BA4D+2457661]
GetHandleVerifier [0x0038EB81+569713]
GetHandleVerifier [0x0038DD76+566118]
Ordinal0 [0x00290B2B+1968939]
Ordinal0 [0x00295988+1989000]
Ordinal0 [0x00295A75+1989237]
Ordinal0 [0x0029ECB1+2026673]
BaseThreadInitThunk [0x7636FA29+25]
RtlGetAppContainerNamedObjectPath [0x77447A7E+286]
RtlGetAppContainerNamedObjectPath [0x77447A4E+238]
(No symbol) [0x00000000]

at sun.reflect.NativeConstructorAccessorImpl.newInstance0(Native Method)
at sun.reflect.NativeConstructorAccessorImpl.newInstance(Unknown Source)
at sun.reflect.DelegatingConstructorAccessorImpl.newInstance(Unknown Source)
at java.lang.reflect.Constructor.newInstance(Unknown Source)
at org.openqa.selenium.remote.W3CHandshakeResponse.lambda$errorHandler$0(W3CHandshakeResponse.java:62)
at org.openqa.selenium.remote.HandshakeResponse.lambda$getResponseFunction$0(HandshakeResponse.java:30)
at org.openqa.selenium.remote.ProtocolHandshake.lambda$createSession$0(ProtocolHandshake.java:126)
at java.util.stream.ReferencePipeline$3$1.accept(Unknown Source)
at java.util.Spliterators$ArraySpliterator.tryAdvance(Unknown Source)
at java.util.stream.ReferencePipeline.forEachWithCancel(Unknown Source)
at java.util.stream.AbstractPipeline.copyIntoWithCancel(Unknown Source)
at java.util.stream.AbstractPipeline.copyInto(Unknown Source)
at java.util.stream.AbstractPipeline.wrapAndCopyInto(Unknown Source)
at java.util.stream.FindOps$FindOp.evaluateSequential(Unknown Source)
at java.util.stream.AbstractPipeline.evaluate(Unknown Source)
at java.util.stream.ReferencePipeline.findFirst(Unknown Source)
at org.openqa.selenium.remote.ProtocolHandshake.createSession(ProtocolHandshake.java:128)
at org.openqa.selenium.remote.ProtocolHandshake.createSession(ProtocolHandshake.java:74)
at org.openqa.selenium.remote.HttpCommandExecutor.execute(HttpCommandExecutor.java:136)
at org.openqa.selenium.remote.service.DriverCommandExecutor.execute(DriverCommandExecutor.java:83)
at org.openqa.selenium.remote.RemoteWebDriver.execute(RemoteWebDriver.java:552)
at org.openqa.selenium.remote.RemoteWebDriver.startSession(RemoteWebDriver.java:213)
at org.openqa.selenium.remote.RemoteWebDriver.<init>(RemoteWebDriver.java:131)
at org.openqa.selenium.chrome.ChromeDriver.<init>(ChromeDriver.java:181)
at org.openqa.selenium.chrome.ChromeDriver.<init>(ChromeDriver.java:168)
at org.openqa.selenium.chrome.ChromeDriver.<init>(ChromeDriver.java:123)
at com.Data_Driven.Parameterized_From_Excel.setUp(Parameterized_From_Excel.java:25)
at sun.reflect.NativeMethodAccessorImpl.invoke0(Native Method)
at sun.reflect.NativeMethodAccessorImpl.invoke(Unknown Source)
at sun.reflect.DelegatingMethodAccessorImpl.invoke(Unknown Source)
at java.lang.reflect.Method.invoke(Unknown Source)
at org.testng.internal.MethodInvocationHelper.invokeMethod(MethodInvocationHelper.java:133)
at org.testng.internal.MethodInvocationHelper.invokeMethodConsideringTimeout(MethodInvocationHelper.java:62)
at org.testng.internal.ConfigInvoker.invokeConfigurationMethod(ConfigInvoker.java:385)
at org.testng.internal.ConfigInvoker.invokeConfigurations(ConfigInvoker.java:321)
at org.testng.SuiteRunner.privateRun(SuiteRunner.java:317)
at org.testng.SuiteRunner.run(SuiteRunner.java:276)
at org.testng.SuiteRunnerWorker.runSuite(SuiteRunnerWorker.java:53)
at org.testng.SuiteRunnerWorker.run(SuiteRunnerWorker.java:96)
at org.testng.TestNG.runSuitesSequentially(TestNG.java:1212)
at org.testng.TestNG.runSuitesLocally(TestNG.java:1134)
at org.testng.TestNG.runSuites(TestNG.java:1063)
at org.testng.TestNG.run(TestNG.java:1031)
at org.testng.remote.AbstractRemoteTestNG.run(AbstractRemoteTestNG.java:115)
at org.testng.remote.RemoteTestNG.initAndRun(RemoteTestNG.java:251)
at org.testng.remote.RemoteTestNG.main(RemoteTestNG.java:77)
]]>
    </failure>
  </testcase> <!-- @BeforeSuite setUp -->
  <testcase name="@BeforeTest launchBrowser" time="-1.655806662531E9" classname="com.TestNG_Basics.BasicAnnotations_And_ExecutionSequence">
    <skipped/>
  </testcase> <!-- @BeforeTest launchBrowser -->
  <testcase name="@BeforeMethod enterUrl" time="-1.655806662585E9" classname="com.TestNG_Basics.TestNGKeyword_Priority_And_Group">
    <skipped/>
  </testcase> <!-- @BeforeMethod enterUrl -->
  <testcase name="@AfterMethod closeBrowser" time="-1.65580666259E9" classname="com.TestNG_Basics.TestNGKeyword_Priority_And_Group">
    <skipped/>
  </testcase> <!-- @AfterMethod closeBrowser -->
  <testcase name="@BeforeMethod enterUrl" time="-1.655806662593E9" classname="com.TestNG_Basics.TestNGKeyword_Priority_And_Group">
    <skipped/>
  </testcase> <!-- @BeforeMethod enterUrl -->
  <testcase name="@AfterMethod closeBrowser" time="-1.655806662598E9" classname="com.TestNG_Basics.TestNGKeyword_Priority_And_Group">
    <skipped/>
  </testcase> <!-- @AfterMethod closeBrowser -->
  <testcase name="@BeforeMethod enterUrl" time="-1.655806662599E9" classname="com.TestNG_Basics.TestNGKeyword_Priority_And_Group">
    <skipped/>
  </testcase> <!-- @BeforeMethod enterUrl -->
  <testcase name="@AfterMethod closeBrowser" time="-1.655806662603E9" classname="com.TestNG_Basics.TestNGKeyword_Priority_And_Group">
    <skipped/>
  </testcase> <!-- @AfterMethod closeBrowser -->
  <testcase name="@BeforeMethod enterUrl" time="-1.655806663084E9" classname="com.TestNG_Basics.PairOf_BeforeMethod_TestCases_AfterMethod">
    <skipped/>
  </testcase> <!-- @BeforeMethod enterUrl -->
  <testcase name="@AfterMethod closeBrowser" time="-1.655806663087E9" classname="com.TestNG_Basics.PairOf_BeforeMethod_TestCases_AfterMethod">
    <skipped/>
  </testcase> <!-- @AfterMethod closeBrowser -->
  <testcase name="@BeforeMethod enterUrl" time="-1.655806663089E9" classname="com.TestNG_Basics.PairOf_BeforeMethod_TestCases_AfterMethod">
    <skipped/>
  </testcase> <!-- @BeforeMethod enterUrl -->
  <testcase name="@AfterMethod closeBrowser" time="-1.655806663093E9" classname="com.TestNG_Basics.PairOf_BeforeMethod_TestCases_AfterMethod">
    <skipped/>
  </testcase> <!-- @AfterMethod closeBrowser -->
  <testcase name="@BeforeMethod enterUrl" time="-1.655806663094E9" classname="com.TestNG_Basics.PairOf_BeforeMethod_TestCases_AfterMethod">
    <skipped/>
  </testcase> <!-- @BeforeMethod enterUrl -->
  <testcase name="@AfterMethod closeBrowser" time="-1.655806663096E9" classname="com.TestNG_Basics.PairOf_BeforeMethod_TestCases_AfterMethod">
    <skipped/>
  </testcase> <!-- @AfterMethod closeBrowser -->
  <testcase name="@BeforeMethod setChromeProperty" time="-1.655806663097E9" classname="com.TestNG_Basics.AssertClass_For_Validation">
    <skipped/>
  </testcase> <!-- @BeforeMethod setChromeProperty -->
  <testcase name="@AfterMethod closeChromeBrowser" time="-1.6558066631E9" classname="com.TestNG_Basics.AssertClass_For_Validation">
    <skipped/>
  </testcase> <!-- @AfterMethod closeChromeBrowser -->
  <testcase name="@BeforeMethod setChromeProperty" time="-1.6558066631E9" classname="com.TestNG_Basics.AssertClass_For_Validation">
    <skipped/>
  </testcase> <!-- @BeforeMethod setChromeProperty -->
  <testcase name="@AfterMethod closeChromeBrowser" time="-1.655806663103E9" classname="com.TestNG_Basics.AssertClass_For_Validation">
    <skipped/>
  </testcase> <!-- @AfterMethod closeChromeBrowser -->
  <testcase name="@BeforeMethod enterUrl" time="-1.655806663105E9" classname="com.TestNG_Basics.TestNGKeyword_dependsOnMethods">
    <skipped/>
  </testcase> <!-- @BeforeMethod enterUrl -->
  <testcase name="@AfterMethod closeBrowser" time="-1.655806663108E9" classname="com.TestNG_Basics.TestNGKeyword_dependsOnMethods">
    <skipped/>
  </testcase> <!-- @AfterMethod closeBrowser -->
  <testcase name="@BeforeClass loginToApp" time="-1.655806663113E9" classname="com.TestNG_Basics.BasicAnnotations_And_ExecutionSequence">
    <skipped/>
  </testcase> <!-- @BeforeClass loginToApp -->
  <testcase name="@BeforeMethod enterUrl" time="-1.655806663114E9" classname="com.TestNG_Basics.BasicAnnotations_And_ExecutionSequence">
    <skipped/>
  </testcase> <!-- @BeforeMethod enterUrl -->
  <testcase name="@AfterMethod logoutFromApp" time="-1.655806663117E9" classname="com.TestNG_Basics.BasicAnnotations_And_ExecutionSequence">
    <skipped/>
  </testcase> <!-- @AfterMethod logoutFromApp -->
  <testcase name="@AfterClass closeBrowser" time="-1.655806663117E9" classname="com.TestNG_Basics.BasicAnnotations_And_ExecutionSequence">
    <skipped/>
  </testcase> <!-- @AfterClass closeBrowser -->
  <testcase name="@AfterTest deleteAllCookies" time="-1.655806663122E9" classname="com.TestNG_Basics.BasicAnnotations_And_ExecutionSequence">
    <skipped/>
  </testcase> <!-- @AfterTest deleteAllCookies -->
  <testcase name="invocationCount" time="0.0" classname="com.TestNG_Basics.TestNGKeyword_InvocationCount">
    <skipped/>
  </testcase> <!-- invocationCount -->
  <testcase name="invocationCount" time="0.0" classname="com.TestNG_Basics.TestNGKeyword_InvocationCount">
    <skipped/>
  </testcase> <!-- invocationCount -->
  <testcase name="invocationCount" time="0.0" classname="com.TestNG_Basics.TestNGKeyword_InvocationCount">
    <skipped/>
  </testcase> <!-- invocationCount -->
  <testcase name="invocationCount" time="0.0" classname="com.TestNG_Basics.TestNGKeyword_InvocationCount">
    <skipped/>
  </testcase> <!-- invocationCount -->
  <testcase name="invocationCount" time="0.0" classname="com.TestNG_Basics.TestNGKeyword_InvocationCount">
    <skipped/>
  </testcase> <!-- invocationCount -->
  <testcase name="googleTitleTest_TestCase" time="0.0" classname="com.TestNG_Basics.TestNGKeyword_Priority_And_Group">
    <skipped/>
  </testcase> <!-- googleTitleTest_TestCase -->
  <testcase name="googleSearchTest_TestCase" time="0.0" classname="com.TestNG_Basics.TestNGKeyword_Priority_And_Group">
    <skipped/>
  </testcase> <!-- googleSearchTest_TestCase -->
  <testcase name="isGmailAvailable_TestCase" time="0.0" classname="com.TestNG_Basics.TestNGKeyword_Priority_And_Group">
    <skipped/>
  </testcase> <!-- isGmailAvailable_TestCase -->
  <testcase name="faceBookAccount" time="0.0" classname="com.Data_Driven.Parameterized_From_Excel">
    <skipped/>
  </testcase> <!-- faceBookAccount -->
  <testcase name="faceBookAccount" time="0.0" classname="com.Data_Driven.Parameterized_From_Excel">
    <skipped/>
  </testcase> <!-- faceBookAccount -->
  <testcase name="faceBookAccount" time="0.0" classname="com.Data_Driven.Parameterized_From_Excel">
    <skipped/>
  </testcase> <!-- faceBookAccount -->
  <testcase name="faceBookAccount" time="0.0" classname="com.Data_Driven.Parameterized_From_Excel">
    <skipped/>
  </testcase> <!-- faceBookAccount -->
  <testcase name="faceBookAccount" time="0.0" classname="com.Data_Driven.Parameterized_From_Excel">
    <skipped/>
  </testcase> <!-- faceBookAccount -->
  <testcase name="faceBookAccount" time="0.0" classname="com.Data_Driven.Parameterized_From_Excel">
    <skipped/>
  </testcase> <!-- faceBookAccount -->
  <testcase name="faceBookAccount" time="0.0" classname="com.Data_Driven.Parameterized_From_Excel">
    <skipped/>
  </testcase> <!-- faceBookAccount -->
  <testcase name="faceBookAccount" time="0.0" classname="com.Data_Driven.Parameterized_From_Excel">
    <skipped/>
  </testcase> <!-- faceBookAccount -->
  <testcase name="faceBookAccount" time="0.0" classname="com.Data_Driven.Parameterized_From_Excel">
    <skipped/>
  </testcase> <!-- faceBookAccount -->
  <testcase name="faceBookAccount" time="0.0" classname="com.Data_Driven.Parameterized_From_Excel">
    <skipped/>
  </testcase> <!-- faceBookAccount -->
  <testcase name="googleSearchTest_TestCase" time="0.0" classname="com.TestNG_Basics.PairOf_BeforeMethod_TestCases_AfterMethod">
    <skipped/>
  </testcase> <!-- googleSearchTest_TestCase -->
  <testcase name="googleTitleTest_TestCase" time="0.0" classname="com.TestNG_Basics.PairOf_BeforeMethod_TestCases_AfterMethod">
    <skipped/>
  </testcase> <!-- googleTitleTest_TestCase -->
  <testcase name="isGmailAvailable_TestCase" time="0.0" classname="com.TestNG_Basics.PairOf_BeforeMethod_TestCases_AfterMethod">
    <skipped/>
  </testcase> <!-- isGmailAvailable_TestCase -->
  <testcase name="googleLogoTest" time="0.0" classname="com.TestNG_Basics.AssertClass_For_Validation">
    <skipped/>
  </testcase> <!-- googleLogoTest -->
  <testcase name="googleTitleTest" time="0.0" classname="com.TestNG_Basics.AssertClass_For_Validation">
    <skipped/>
  </testcase> <!-- googleTitleTest -->
  <testcase name="googleTitleTest_TestCase" time="0.0" classname="com.TestNG_Basics.TestNGKeyword_dependsOnMethods">
    <skipped/>
  </testcase> <!-- googleTitleTest_TestCase -->
  <testcase name="googleSearchTest_TestCase" time="0.0" classname="com.TestNG_Basics.TestNGKeyword_dependsOnMethods">
    <skipped/>
  </testcase> <!-- googleSearchTest_TestCase -->
  <testcase name="isGmailAvailable_TestCase" time="0.0" classname="com.TestNG_Basics.TestNGKeyword_dependsOnMethods">
    <skipped/>
  </testcase> <!-- isGmailAvailable_TestCase -->
  <testcase name="googleTitleTest_TestCase" time="0.0" classname="com.TestNG_Basics.BasicAnnotations_And_ExecutionSequence">
    <skipped/>
  </testcase> <!-- googleTitleTest_TestCase -->
  <testcase name="arithmetic" time="0.0" classname="com.TestNG_Basics.TestNGKeyword_expectedExceptions">
    <skipped/>
  </testcase> <!-- arithmetic -->
  <testcase name="convert" time="0.0" classname="com.TestNG_Basics.TestNGKeyword_expectedExceptions">
    <skipped/>
  </testcase> <!-- convert -->
</testsuite> <!-- Default test -->
