<?xml version="1.0" encoding="UTF-8"?>
<!-- Generated by org.testng.reporters.JUnitXMLReporter -->
<testsuite hostname="SG-L-7301093" ignored="1" name="Default test(failed)" tests="1" failures="1" timestamp="2022-06-21T18:02:42 SGT" time="0.033" errors="0">
  <testcase name="arithmetic" time="0.006" classname="com.TestNG_Basics.TestNGKeyword_expectedExceptions">
    <failure type="java.lang.ArithmeticException" message="/ by zero">
      <![CDATA[java.lang.ArithmeticException: / by zero
at com.TestNG_Basics.TestNGKeyword_expectedExceptions.arithmetic(TestNGKeyword_expectedExceptions.java:28)
at java.util.ArrayList.forEach(Unknown Source)
... Removed 27 stack frames]]>
    </failure>
  </testcase> <!-- arithmetic -->
  <testcase name="convert" time="0.0" classname="com.TestNG_Basics.TestNGKeyword_expectedExceptions">
    <ignored/>
  </testcase> <!-- convert -->
</testsuite> <!-- Default test(failed) -->
